This is pdfTeX, Version 3.14159265-2.6-1.40.15 (TeX Live 2014) (preloaded format=latex 2014.5.25)  13 NOV 2014 16:32
entering extended mode
 restricted \write18 enabled.
 file:line:error style messages enabled.
 %&-line parsing enabled.
**egpaper_final.tex
(./egpaper_final.tex
LaTeX2e <2014/05/01>
Babel <3.9k> and hyphenation patterns for 78 languages loaded.
(/usr/local/texlive/2014/texmf-dist/tex/latex/base/article.cls
Document Class: article 2007/10/19 v1.4h Standard LaTeX document class
(/usr/local/texlive/2014/texmf-dist/tex/latex/base/size10.clo
File: size10.clo 2007/10/19 v1.4h Standard LaTeX file (size option)
)
\c@part=\count79
\c@section=\count80
\c@subsection=\count81
\c@subsubsection=\count82
\c@paragraph=\count83
\c@subparagraph=\count84
\c@figure=\count85
\c@table=\count86
\abovecaptionskip=\skip41
\belowcaptionskip=\skip42
\bibindent=\dimen102
) (./cvpr.sty (./eso-pic.sty
Package: eso-pic 2002/11/16 v1.1b eso-pic (RN)
(./cvpr_eso.sty

LaTeX Warning: You have requested package `eso-pic',
               but the package provides `everyshi'.

Package: everyshi 2001/05/15 v3.00 EveryShipout Package (MS)
) (/usr/local/texlive/2014/texmf-dist/tex/latex/graphics/keyval.sty
Package: keyval 2014/05/08 v1.15 key=value parser (DPC)
\KV@toks@=\toks14
)) (/usr/local/texlive/2014/texmf-dist/tex/latex/tools/xspace.sty
Package: xspace 2009/10/20 v1.13 Space after command names (DPC,MH)
)
CVPR 8.5 x 11-Inch Proceedings Style `cvpr.sty'.
\@ctmp=\skip43
\@figindent=\skip44
\cvprrulerbox=\box26
\cvprrulercount=\count87
\cvprruleroffset=\dimen103
\cv@lineheight=\dimen104
\cv@boxheight=\dimen105
\cv@tmpbox=\box27
\cv@refno=\count88
\cv@tot=\count89
\cv@tmpc@=\count90
\cv@tmpc=\count91
) (/usr/local/texlive/2014/texmf-dist/tex/latex/psnfss/times.sty
Package: times 2005/04/12 PSNFSS-v9.2a (SPQR) 
) (/usr/local/texlive/2014/texmf-dist/tex/latex/graphics/epsfig.sty
Package: epsfig 1999/02/16 v1.7a (e)psfig emulation (SPQR)
(/usr/local/texlive/2014/texmf-dist/tex/latex/graphics/graphicx.sty
Package: graphicx 2014/04/25 v1.0g Enhanced LaTeX Graphics (DPC,SPQR)
(/usr/local/texlive/2014/texmf-dist/tex/latex/graphics/graphics.sty
Package: graphics 2009/02/05 v1.0o Standard LaTeX Graphics (DPC,SPQR)
(/usr/local/texlive/2014/texmf-dist/tex/latex/graphics/trig.sty
Package: trig 1999/03/16 v1.09 sin cos tan (DPC)
) (/usr/local/texlive/2014/texmf-dist/tex/latex/latexconfig/graphics.cfg
File: graphics.cfg 2010/04/23 v1.9 graphics configuration of TeX Live
)
Package graphics Info: Driver file: dvips.def on input line 91.
(/usr/local/texlive/2014/texmf-dist/tex/latex/graphics/dvips.def
File: dvips.def 2014/04/23 v3.0j Driver-dependant file (DPC,SPQR)
))
\Gin@req@height=\dimen106
\Gin@req@width=\dimen107
)
\epsfxsize=\dimen108
\epsfysize=\dimen109
) (/usr/local/texlive/2014/texmf-dist/tex/latex/amsmath/amsmath.sty
Package: amsmath 2013/01/14 v2.14 AMS math features
\@mathmargin=\skip45
For additional information on amsmath, use the `?' option.
(/usr/local/texlive/2014/texmf-dist/tex/latex/amsmath/amstext.sty
Package: amstext 2000/06/29 v2.01
(/usr/local/texlive/2014/texmf-dist/tex/latex/amsmath/amsgen.sty
File: amsgen.sty 1999/11/30 v2.0
\@emptytoks=\toks15
\ex@=\dimen110
)) (/usr/local/texlive/2014/texmf-dist/tex/latex/amsmath/amsbsy.sty
Package: amsbsy 1999/11/29 v1.2d
\pmbraise@=\dimen111
) (/usr/local/texlive/2014/texmf-dist/tex/latex/amsmath/amsopn.sty
Package: amsopn 1999/12/14 v2.01 operator names
)
\inf@bad=\count92
LaTeX Info: Redefining \frac on input line 210.
\uproot@=\count93
\leftroot@=\count94
LaTeX Info: Redefining \overline on input line 306.
\classnum@=\count95
\DOTSCASE@=\count96
LaTeX Info: Redefining \ldots on input line 378.
LaTeX Info: Redefining \dots on input line 381.
LaTeX Info: Redefining \cdots on input line 466.
\Mathstrutbox@=\box28
\strutbox@=\box29
\big@size=\dimen112
LaTeX Font Info:    Redeclaring font encoding OML on input line 566.
LaTeX Font Info:    Redeclaring font encoding OMS on input line 567.
\macc@depth=\count97
\c@MaxMatrixCols=\count98
\dotsspace@=\muskip10
\c@parentequation=\count99
\dspbrk@lvl=\count100
\tag@help=\toks16
\row@=\count101
\column@=\count102
\maxfields@=\count103
\andhelp@=\toks17
\eqnshift@=\dimen113
\alignsep@=\dimen114
\tagshift@=\dimen115
\tagwidth@=\dimen116
\totwidth@=\dimen117
\lineht@=\dimen118
\@envbody=\toks18
\multlinegap=\skip46
\multlinetaggap=\skip47
\mathdisplay@stack=\toks19
LaTeX Info: Redefining \[ on input line 2665.
LaTeX Info: Redefining \] on input line 2666.
) (/usr/local/texlive/2014/texmf-dist/tex/latex/amsfonts/amssymb.sty
Package: amssymb 2013/01/14 v3.01 AMS font symbols
(/usr/local/texlive/2014/texmf-dist/tex/latex/amsfonts/amsfonts.sty
Package: amsfonts 2013/01/14 v3.01 Basic AMSFonts support
\symAMSa=\mathgroup4
\symAMSb=\mathgroup5
LaTeX Font Info:    Overwriting math alphabet `\mathfrak' in version `bold'
(Font)                  U/euf/m/n --> U/euf/b/n on input line 106.
)) (/usr/local/texlive/2014/texmf-dist/tex/latex/caption/caption.sty
Package: caption 2013/05/02 v3.3-89 Customizing captions (AR)
(/usr/local/texlive/2014/texmf-dist/tex/latex/caption/caption3.sty
Package: caption3 2013/05/02 v1.6-88 caption3 kernel (AR)
Package caption3 Info: TeX engine: e-TeX on input line 57.
\captionmargin=\dimen119
\captionmargin@=\dimen120
\captionwidth=\dimen121
\caption@tempdima=\dimen122
\caption@indent=\dimen123
\caption@parindent=\dimen124
\caption@hangindent=\dimen125
Package caption Info: Unknown document class (or package),
(caption)             standard defaults will be used.
)

Package caption Warning: Unsupported document class (or package) detected,
(caption)                usage of the caption package is not recommended.
See the caption package documentation for explanation.

Package caption Info: \@makecaption = \long macro:#1#2-> \setbox \@tempboxa \hbox {\small \noindent #1.~#2} \setlength {\@ctmp }{\hsize } \addtolength {\@ctmp }{-\@figindent }\addtolength {\@ctmp }{-\@figindent } \ifdim \wd \@tempboxa >\@ctmp {\small #1.~#2\par } \else \hbox to\hsize {\hfil \box \@tempboxa \hfil } \fi .
\c@ContinuedFloat=\count104
) (/usr/local/texlive/2014/texmf-dist/tex/latex/tools/verbatim.sty
Package: verbatim 2003/08/22 v1.5q LaTeX2e package for verbatim enhancements
\every@verbatim=\toks20
\verbatim@line=\toks21
\verbatim@in@stream=\read1
) (/usr/local/texlive/2014/texmf-dist/tex/latex/caption/subcaption.sty
Package: subcaption 2013/02/03 v1.1-62 Sub-captions (AR)
\c@subfigure=\count105
\c@subtable=\count106
) (/usr/local/texlive/2014/texmf-dist/tex/latex/algorithm2e/algorithm2e.sty
Package: algorithm2e 2013/01/06 v5.00 algorithms environments
\c@AlgoLine=\count107
(/usr/local/texlive/2014/texmf-dist/tex/latex/base/ifthen.sty
Package: ifthen 2001/05/26 v1.1c Standard LaTeX ifthen package (DPC)
) (/usr/local/texlive/2014/texmf-dist/tex/latex/relsize/relsize.sty
Package: relsize 2013/03/29 ver 4.1
)
********************************************************
Package `algorithm2e' Release 5.0 -- january 06 2013 --
- algorithm2e-announce@lirmm.fr mailing list for announcement about releases
- algorithm2e-discussion@lirmm.fr mailing list for discussion about package
subscribe by emailing sympa@lirmm.fr with 'subscribe <list> <firstname name>'
- Author: Christophe Fiorio (cfiorio@um2.fr)
********************************************************
\skiptotal=\skip48
\skiplinenumber=\skip49
\skiprule=\skip50
\skiphlne=\skip51
\skiptext=\skip52
\skiplength=\skip53
\algomargin=\skip54
\skipalgocfslide=\skip55
\algowidth=\dimen126
\inoutsize=\dimen127
\inoutindent=\dimen128
\interspacetitleruled=\dimen129
\interspacealgoruled=\dimen130
\interspacetitleboxruled=\dimen131
\algocf@inoutbox=\box30
\algocf@inputbox=\box31
\AlCapSkip=\skip56
\AlCapHSkip=\skip57
\algoskipindent=\skip58
\algocf@nlbox=\box32
\algocf@hangingbox=\box33
\algocf@untilbox=\box34
\algocf@skipuntil=\skip59
\algocf@capbox=\box35
\algoheightruledefault=\skip60
\algoheightrule=\skip61
\algotitleheightruledefault=\skip62
\algotitleheightrule=\skip63
\c@algocfline=\count108
\c@algocfproc=\count109
\c@algocf=\count110
\algocf@algoframe=\box36
\algocf@algobox=\box37
) (/usr/local/texlive/2014/texmf-dist/tex/latex/rotating/rotating.sty
Package: rotating 2009/03/28 v2.16a rotated objects in LaTeX
\c@r@tfl@t=\count111
\rotFPtop=\skip64
\rotFPbot=\skip65
\rot@float@box=\box38
\rot@mess@toks=\toks22
) (/usr/local/texlive/2014/texmf-dist/tex/latex/oberdiek/grffile.sty
Package: grffile 2012/04/05 v1.16 Extended file name support for graphics (HO)
(/usr/local/texlive/2014/texmf-dist/tex/generic/oberdiek/ifpdf.sty
Package: ifpdf 2011/01/30 v2.3 Provides the ifpdf switch (HO)
Package ifpdf Info: pdfTeX in PDF mode is not detected.
) (/usr/local/texlive/2014/texmf-dist/tex/generic/ifxetex/ifxetex.sty
Package: ifxetex 2010/09/12 v0.6 Provides ifxetex conditional
) (/usr/local/texlive/2014/texmf-dist/tex/latex/oberdiek/kvoptions.sty
Package: kvoptions 2011/06/30 v3.11 Key value format for package options (HO)
(/usr/local/texlive/2014/texmf-dist/tex/generic/oberdiek/ltxcmds.sty
Package: ltxcmds 2011/11/09 v1.22 LaTeX kernel commands for general use (HO)
) (/usr/local/texlive/2014/texmf-dist/tex/generic/oberdiek/kvsetkeys.sty
Package: kvsetkeys 2012/04/25 v1.16 Key value parser (HO)
(/usr/local/texlive/2014/texmf-dist/tex/generic/oberdiek/infwarerr.sty
Package: infwarerr 2010/04/08 v1.3 Providing info/warning/error messages (HO)
) (/usr/local/texlive/2014/texmf-dist/tex/generic/oberdiek/etexcmds.sty
Package: etexcmds 2011/02/16 v1.5 Avoid name clashes with e-TeX commands (HO)
(/usr/local/texlive/2014/texmf-dist/tex/generic/oberdiek/ifluatex.sty
Package: ifluatex 2010/03/01 v1.3 Provides the ifluatex switch (HO)
Package ifluatex Info: LuaTeX not detected.
)
Package etexcmds Info: Could not find \expanded.
(etexcmds)             That can mean that you are not using pdfTeX 1.50 or
(etexcmds)             that some package has redefined \expanded.
(etexcmds)             In the latter case, load this package earlier.
))) (/usr/local/texlive/2014/texmf-dist/tex/generic/oberdiek/pdftexcmds.sty
Package: pdftexcmds 2011/11/29 v0.20 Utility functions of pdfTeX for LuaTeX (HO)
Package pdftexcmds Info: LuaTeX not detected.
Package pdftexcmds Info: \pdf@primitive is available.
Package pdftexcmds Info: \pdf@ifprimitive is available.
Package pdftexcmds Info: \pdfdraftmode is ignored in DVI mode.
)
Package grffile Info: Option `multidot' is set to `true'.
Package grffile Info: Option `extendedchars' is set to `false'.
Package grffile Info: Option `space' is set to `true'.
Package grffile Info: \Gin@ii of package `graphicx' fixed on input line 486.
) (/usr/local/texlive/2014/texmf-dist/tex/latex/hyperref/hyperref.sty
Package: hyperref 2012/11/06 v6.83m Hypertext links for LaTeX
(/usr/local/texlive/2014/texmf-dist/tex/generic/oberdiek/hobsub-hyperref.sty
Package: hobsub-hyperref 2012/05/28 v1.13 Bundle oberdiek, subset hyperref (HO)
(/usr/local/texlive/2014/texmf-dist/tex/generic/oberdiek/hobsub-generic.sty
Package: hobsub-generic 2012/05/28 v1.13 Bundle oberdiek, subset generic (HO)
Package: hobsub 2012/05/28 v1.13 Construct package bundles (HO)
Package hobsub Info: Skipping package `infwarerr' (already loaded).
Package hobsub Info: Skipping package `ltxcmds' (already loaded).
Package hobsub Info: Skipping package `ifluatex' (already loaded).
Package: ifvtex 2010/03/01 v1.5 Detect VTeX and its facilities (HO)
Package ifvtex Info: VTeX not detected.
Package: intcalc 2007/09/27 v1.1 Expandable calculations with integers (HO)
Package hobsub Info: Skipping package `ifpdf' (already loaded).
Package hobsub Info: Skipping package `etexcmds' (already loaded).
Package hobsub Info: Skipping package `kvsetkeys' (already loaded).
Package: kvdefinekeys 2011/04/07 v1.3 Define keys (HO)
Package hobsub Info: Skipping package `pdftexcmds' (already loaded).
Package: pdfescape 2011/11/25 v1.13 Implements pdfTeX's escape features (HO)
Package: bigintcalc 2012/04/08 v1.3 Expandable calculations on big integers (HO)
Package: bitset 2011/01/30 v1.1 Handle bit-vector datatype (HO)
Package: uniquecounter 2011/01/30 v1.2 Provide unlimited unique counter (HO)
)
Package hobsub Info: Skipping package `hobsub' (already loaded).
Package: letltxmacro 2010/09/02 v1.4 Let assignment for LaTeX macros (HO)
Package: hopatch 2012/05/28 v1.2 Wrapper for package hooks (HO)
Package: xcolor-patch 2011/01/30 xcolor patch
Package: atveryend 2011/06/30 v1.8 Hooks at the very end of document (HO)
Package atveryend Info: \enddocument detected (standard20110627).
Package: atbegshi 2011/10/05 v1.16 At begin shipout hook (HO)
Package: refcount 2011/10/16 v3.4 Data extraction from label references (HO)
Package: hycolor 2011/01/30 v1.7 Color options for hyperref/bookmark (HO)
) (/usr/local/texlive/2014/texmf-dist/tex/latex/oberdiek/auxhook.sty
Package: auxhook 2011/03/04 v1.3 Hooks for auxiliary files (HO)
)
\@linkdim=\dimen132
\Hy@linkcounter=\count112
\Hy@pagecounter=\count113
(/usr/local/texlive/2014/texmf-dist/tex/latex/hyperref/pd1enc.def
File: pd1enc.def 2012/11/06 v6.83m Hyperref: PDFDocEncoding definition (HO)
)
\Hy@SavedSpaceFactor=\count114
(/usr/local/texlive/2014/texmf-dist/tex/latex/latexconfig/hyperref.cfg
File: hyperref.cfg 2002/06/06 v1.2 hyperref configuration of TeXLive
)
Package hyperref Info: Option `breaklinks' set `true' on input line 4319.
Package hyperref Info: Option `bookmarks' set `false' on input line 4319.
Package hyperref Info: Hyper figures OFF on input line 4443.
Package hyperref Info: Link nesting OFF on input line 4448.
Package hyperref Info: Hyper index ON on input line 4451.
Package hyperref Info: Plain pages OFF on input line 4458.
Package hyperref Info: Backreferencing OFF on input line 4463.
Package hyperref Info: Implicit mode ON; LaTeX internals redefined.
Package hyperref Info: Bookmarks OFF on input line 4694.
\c@Hy@tempcnt=\count115
(/usr/local/texlive/2014/texmf-dist/tex/latex/url/url.sty
\Urlmuskip=\muskip11
Package: url 2013/09/16  ver 3.4  Verb mode for urls, etc.
)
LaTeX Info: Redefining \url on input line 5041.
\XeTeXLinkMargin=\dimen133
\Fld@menulength=\count116
\Field@Width=\dimen134
\Fld@charsize=\dimen135
Package hyperref Info: Hyper figures OFF on input line 6295.
Package hyperref Info: Link nesting OFF on input line 6300.
Package hyperref Info: Hyper index ON on input line 6303.
Package hyperref Info: backreferencing OFF on input line 6310.
Package hyperref Info: Link coloring OFF on input line 6315.
Package hyperref Info: Link coloring with OCG OFF on input line 6320.
Package hyperref Info: PDF/A mode OFF on input line 6325.
LaTeX Info: Redefining \ref on input line 6365.
LaTeX Info: Redefining \pageref on input line 6369.
\Hy@abspage=\count117
\c@Item=\count118
\c@Hfootnote=\count119
)

Package hyperref Message: Driver (default): hdvips.

(/usr/local/texlive/2014/texmf-dist/tex/latex/hyperref/hdvips.def
File: hdvips.def 2012/11/06 v6.83m Hyperref driver for dvips
(/usr/local/texlive/2014/texmf-dist/tex/latex/hyperref/pdfmark.def
File: pdfmark.def 2012/11/06 v6.83m Hyperref definitions for pdfmark specials

Package hyperref Warning: You have enabled option `breaklinks'.
(hyperref)                But driver `hdvips.def' does not suppport this.
(hyperref)                Expect trouble with the link areas of broken links.

\pdf@docset=\toks23
\pdf@box=\box39
\pdf@toks=\toks24
\pdf@defaulttoks=\toks25
\HyField@AnnotCount=\count120
\Fld@listcount=\count121
\c@bookmark@seq@number=\count122
(/usr/local/texlive/2014/texmf-dist/tex/latex/oberdiek/rerunfilecheck.sty
Package: rerunfilecheck 2011/04/15 v1.7 Rerun checks for auxiliary files (HO)
Package uniquecounter Info: New unique counter `rerunfilecheck' on input line 282.
)
\Hy@SectionHShift=\skip66
)) (./egpaper_final.aux)
Runaway argument?
{{2}{3}{Comparison of HOG, WHO and NZ-WHO. Visualization of positive \ETC.
./egpaper_final.tex:35: File ended while scanning use of \@newl@bel.
<inserted text> 
                \par 
l.35 \begin{document}
                     
I suspect you have forgotten a `}', causing me
to read past where you wanted me to stop.
I'll try to recover; but if the error is serious,
you'd better type `E' or `X' now and fix your file.

\openout1 = `egpaper_final.aux'.

LaTeX Font Info:    Checking defaults for OML/cmm/m/it on input line 35.
LaTeX Font Info:    ... okay on input line 35.
LaTeX Font Info:    Checking defaults for T1/cmr/m/n on input line 35.
LaTeX Font Info:    ... okay on input line 35.
LaTeX Font Info:    Checking defaults for OT1/cmr/m/n on input line 35.
LaTeX Font Info:    ... okay on input line 35.
LaTeX Font Info:    Checking defaults for OMS/cmsy/m/n on input line 35.
LaTeX Font Info:    ... okay on input line 35.
LaTeX Font Info:    Checking defaults for OMX/cmex/m/n on input line 35.
LaTeX Font Info:    ... okay on input line 35.
LaTeX Font Info:    Checking defaults for U/cmr/m/n on input line 35.
LaTeX Font Info:    ... okay on input line 35.
LaTeX Font Info:    Checking defaults for PD1/pdf/m/n on input line 35.
LaTeX Font Info:    ... okay on input line 35.
LaTeX Font Info:    Try loading font information for OT1+ptm on input line 35.
(/usr/local/texlive/2014/texmf-dist/tex/latex/psnfss/ot1ptm.fd
File: ot1ptm.fd 2001/06/04 font definitions for OT1/ptm.
) ABD: EveryShipout initializing macros (/usr/local/texlive/2014/texmf-dist/tex/latex/graphics/color.sty
Package: color 2014/04/23 v1.1a Standard LaTeX Color (DPC)
(/usr/local/texlive/2014/texmf-dist/tex/latex/latexconfig/color.cfg
File: color.cfg 2007/01/18 v1.5 color configuration of teTeX/TeXLive
)
Package color Info: Driver file: dvips.def on input line 137.
(/usr/local/texlive/2014/texmf-dist/tex/latex/graphics/dvipsnam.def
File: dvipsnam.def 2014/04/23 v3.0j Driver-dependant file (DPC,SPQR)
))
Package caption Info: Begin \AtBeginDocument code.
Package caption Info: hyperref package is loaded.
Package caption Info: rotating package is loaded.
Package caption Info: End \AtBeginDocument code.
\AtBeginShipoutBox=\box40
Package atbegshi Info: Package `everyshi' patched.
Package hyperref Info: Link coloring OFF on input line 35.
(/usr/local/texlive/2014/texmf-dist/tex/latex/hyperref/nameref.sty
Package: nameref 2012/10/27 v2.43 Cross-referencing by name of section
(/usr/local/texlive/2014/texmf-dist/tex/generic/oberdiek/gettitlestring.sty
Package: gettitlestring 2010/12/03 v1.4 Cleanup title references (HO)
)
\c@section@level=\count123
)
LaTeX Info: Redefining \ref on input line 35.
LaTeX Info: Redefining \pageref on input line 35.
LaTeX Info: Redefining \nameref on input line 35.
LaTeX Font Info:    Font shape `OT1/ptm/bx/n' in size <14.4> not available
(Font)              Font shape `OT1/ptm/b/n' tried instead on input line 59.
LaTeX Font Info:    Try loading font information for U+msa on input line 59.
(/usr/local/texlive/2014/texmf-dist/tex/latex/amsfonts/umsa.fd
File: umsa.fd 2013/01/14 v3.01 AMS symbols A
)
LaTeX Font Info:    Try loading font information for U+msb on input line 59.
(/usr/local/texlive/2014/texmf-dist/tex/latex/amsfonts/umsb.fd
File: umsb.fd 2013/01/14 v3.01 AMS symbols B
)
LaTeX Font Info:    Font shape `OT1/ptm/bx/n' in size <12> not available
(Font)              Font shape `OT1/ptm/b/n' tried instead on input line 61.
LaTeX Font Info:    Font shape `OT1/ptm/bx/n' in size <10> not available
(Font)              Font shape `OT1/ptm/b/n' tried instead on input line 62.

LaTeX Warning: Citation `Aubry14' on page 1 undefined on input line 62.


LaTeX Warning: Citation `Lim14' on page 1 undefined on input line 62.


LaTeX Warning: Citation `Malisiewicz11' on page 1 undefined on input line 62.


LaTeX Warning: Citation `Hejrati14' on page 1 undefined on input line 62.

(./intro.tex

./intro.tex:4: LaTeX Error: File `front' not found.

See the LaTeX manual or LaTeX Companion for explanation.
Type  H <return>  for immediate help.
 ...                                              
                                                  
l.4 ...ncludegraphics[width=0.99\linewidth]{front}
                                                   % \\[-5pt]
I could not locate the file with any of these extensions:
.eps,.ps,.eps.gz,.ps.gz,.eps.Z,.mps
Try typing  <return>  to proceed.
If that doesn't work, type  X <return>  to quit.


LaTeX Warning: Citation `pascal12' on page 1 undefined on input line 30.


LaTeX Warning: Citation `Felzenszwalb10' on page 1 undefined on input line 30.


LaTeX Warning: Citation `Girshick14' on page 1 undefined on input line 30.


Underfull \hbox (badness 2932) in paragraph at lines 28--35
[]\OT1/ptm/m/n/10 Current ap-proaches to ob-ject class de-tec-tion have
 []


LaTeX Warning: Citation `Xiang12' on page 1 undefined on input line 42.


LaTeX Warning: Citation `Pepik12' on page 1 undefined on input line 42.


LaTeX Warning: Citation `Fidler12' on page 1 undefined on input line 42.


LaTeX Warning: Citation `Hejrati14' on page 1 undefined on input line 42.


LaTeX Warning: Citation `Aubry14' on page 1 undefined on input line 47.


LaTeX Warning: Citation `Lim14' on page 1 undefined on input line 47.


LaTeX Warning: Citation `Kholgade14' on page 1 undefined on input line 47.


LaTeX Warning: Citation `Chen13' on page 1 undefined on input line 47.


LaTeX Warning: Citation `Kostas14' on page 1 undefined on input line 47.


LaTeX Warning: Citation `Lowe87' on page 1 undefined on input line 49.


LaTeX Warning: Citation `Aubry14' on page 1 undefined on input line 89.


LaTeX Warning: Citation `Lim14' on page 1 undefined on input line 89.


LaTeX Warning: Citation `Dalal05' on page 1 undefined on input line 97.


LaTeX Warning: Citation `Hariharan12' on page 1 undefined on input line 99.


LaTeX Warning: Citation `Aubry14' on page 1 undefined on input line 101.


LaTeX Warning: Citation `Dalal05' on page 1 undefined on input line 106.


LaTeX Warning: Citation `Felzenszwalb10' on page 1 undefined on input line 106.

LaTeX Font Info:    Try loading font information for OT1+phv on input line 134.
(/usr/local/texlive/2014/texmf-dist/tex/latex/psnfss/ot1phv.fd
File: ot1phv.fd 2001/06/04 scalable font definitions for OT1/phv.
) [1


]

LaTeX Warning: Citation `Felzenszwalb10' on page 2 undefined on input line 155.


LaTeX Warning: Citation `Girshick14' on page 2 undefined on input line 156.


LaTeX Warning: Citation `Xiang14' on page 2 undefined on input line 163.


LaTeX Warning: Citation `Pepik12' on page 2 undefined on input line 175.


LaTeX Warning: Citation `Aubry13' on page 2 undefined on input line 214.


LaTeX Warning: Citation `Aubry14' on page 2 undefined on input line 214.


LaTeX Warning: Citation `Lim14' on page 2 undefined on input line 214.


LaTeX Warning: Citation `Aubry14' on page 2 undefined on input line 231.


LaTeX Warning: Citation `Lim14' on page 2 undefined on input line 231.


Underfull \hbox (badness 1484) in paragraph at lines 261--269
[]\OT1/ptm/m/n/10 To com-ple-ment de-tec-tion bound-ing boxes, we first
 []

[2])

LaTeX Warning: Citation `Martinsson05' on page 3 undefined on input line 76.


LaTeX Warning: Citation `Belouchrani00' on page 3 undefined on input line 76.


LaTeX Warning: Citation `Hariharan12' on page 3 undefined on input line 76.


LaTeX Warning: Citation `Felzenszwalb10' on page 3 undefined on input line 83.


LaTeX Warning: Citation `Girshick14' on page 3 undefined on input line 83.


LaTeX Warning: Citation `Pepik12' on page 3 undefined on input line 85.


LaTeX Warning: Citation `Xiang12' on page 3 undefined on input line 85.


LaTeX Warning: Citation `Fidler12' on page 3 undefined on input line 85.


LaTeX Warning: Citation `Xiang14' on page 3 undefined on input line 85.


LaTeX Warning: Citation `Hejrati14' on page 3 undefined on input line 85.


LaTeX Warning: Citation `Aubry14' on page 3 undefined on input line 85.


LaTeX Warning: Citation `Lim14' on page 3 undefined on input line 85.


LaTeX Warning: Citation `Xiang12' on page 3 undefined on input line 85.


LaTeX Warning: Citation `Hejrati14' on page 3 undefined on input line 85.


LaTeX Warning: Citation `Fidler12' on page 3 undefined on input line 85.


LaTeX Warning: Citation `Pepik12' on page 3 undefined on input line 85.


LaTeX Warning: Citation `Zia13' on page 3 undefined on input line 87.


LaTeX Warning: Citation `Aubry14' on page 3 undefined on input line 89.


LaTeX Warning: Citation `Lim14' on page 3 undefined on input line 89.


LaTeX Warning: Citation `Aubry14' on page 3 undefined on input line 89.


LaTeX Warning: Citation `Lim14' on page 3 undefined on input line 89.


LaTeX Warning: Citation `Hariharan12' on page 3 undefined on input line 120.


Underfull \vbox (badness 10000) has occurred while \output is active []


LaTeX Warning: Reference `fig:rendering' on page 3 undefined on input line 124.


LaTeX Warning: Reference `fig:whocomparison' on page 3 undefined on input line 124.


LaTeX Warning: Reference `tab:who_initializations' on page 3 undefined on input line 126.


./egpaper_final.tex:152: LaTeX Error: File `hog_crop' not found.

See the LaTeX manual or LaTeX Companion for explanation.
Type  H <return>  for immediate help.
 ...                                              
                                                  
l.152 ...egraphics[width=0.28\linewidth]{hog_crop}
                                                   &
I could not locate the file with any of these extensions:
.eps,.ps,.eps.gz,.ps.gz,.eps.Z,.mps
Try typing  <return>  to proceed.
If that doesn't work, type  X <return>  to quit.


./egpaper_final.tex:153: LaTeX Error: File `whiten_all_crop' not found.

See the LaTeX manual or LaTeX Companion for explanation.
Type  H <return>  for immediate help.
 ...                                              
                                                  
l.153 ...cs[width=0.28\linewidth]{whiten_all_crop}
                                                   &
I could not locate the file with any of these extensions:
.eps,.ps,.eps.gz,.ps.gz,.eps.Z,.mps
Try typing  <return>  to proceed.
If that doesn't work, type  X <return>  to quit.


./egpaper_final.tex:154: LaTeX Error: File `whiten_non_zero_crop' not found.

See the LaTeX manual or LaTeX Companion for explanation.
Type  H <return>  for immediate help.
 ...                                              
                                                  
l.154 ...dth=0.28\linewidth]{whiten_non_zero_crop}
                                                   \\
I could not locate the file with any of these extensions:
.eps,.ps,.eps.gz,.ps.gz,.eps.Z,.mps
Try typing  <return>  to proceed.
If that doesn't work, type  X <return>  to quit.


./egpaper_final.tex:158: LaTeX Error: File `hog_neg_crop' not found.

See the LaTeX manual or LaTeX Companion for explanation.
Type  H <return>  for immediate help.
 ...                                              
                                                  
l.158 ...phics[width=0.28\linewidth]{hog_neg_crop}
                                                   &
I could not locate the file with any of these extensions:
.eps,.ps,.eps.gz,.ps.gz,.eps.Z,.mps
Try typing  <return>  to proceed.
If that doesn't work, type  X <return>  to quit.


./egpaper_final.tex:159: LaTeX Error: File `whiten_all_neg_crop' not found.

See the LaTeX manual or LaTeX Companion for explanation.
Type  H <return>  for immediate help.
 ...                                              
                                                  
l.159 ...idth=0.28\linewidth]{whiten_all_neg_crop}
                                                    &
I could not locate the file with any of these extensions:
.eps,.ps,.eps.gz,.ps.gz,.eps.Z,.mps
Try typing  <return>  to proceed.
If that doesn't work, type  X <return>  to quit.


./egpaper_final.tex:160: LaTeX Error: File `whiten_non_zero_neg' not found.

See the LaTeX manual or LaTeX Companion for explanation.
Type  H <return>  for immediate help.
 ...                                              
                                                  
l.160 ...idth=0.28\linewidth]{whiten_non_zero_neg}
                                                   \\
I could not locate the file with any of these extensions:
.eps,.ps,.eps.gz,.ps.gz,.eps.Z,.mps
Try typing  <return>  to proceed.
If that doesn't work, type  X <return>  to quit.


./egpaper_final.tex:164: LaTeX Error: Cannot determine size of graphic in figures/ihog_hog200_crop.png (no BoundingBox).

See the LaTeX manual or LaTeX Companion for explanation.
Type  H <return>  for immediate help.
 ...                                              
                                                  
l.164 ...dth=0.28\linewidth]{ihog_hog200_crop.png}
                                                   &
Try typing  <return>  to proceed.
If that doesn't work, type  X <return>  to quit.

File: figures/ihog_hog200_crop.png Graphic file (type eps)
<figures/ihog_hog200_crop.png>

./egpaper_final.tex:165: LaTeX Error: Cannot determine size of graphic in figures/ihog_whiten_all200_crop.png (no BoundingBox).

See the LaTeX manual or LaTeX Companion for explanation.
Type  H <return>  for immediate help.
 ...                                              
                                                  
l.165 ...8\linewidth]{ihog_whiten_all200_crop.png}
                                                   &
Try typing  <return>  to proceed.
If that doesn't work, type  X <return>  to quit.

File: figures/ihog_whiten_all200_crop.png Graphic file (type eps)
<figures/ihog_whiten_all200_crop.png>

./egpaper_final.tex:166: LaTeX Error: Cannot determine size of graphic in figures/ihog_whiten_non_zero200_crop.png (no BoundingBox).

See the LaTeX manual or LaTeX Companion for explanation.
Type  H <return>  for immediate help.
 ...                                              
                                                  
l.166 ...ewidth]{ihog_whiten_non_zero200_crop.png}
                                                   \\
Try typing  <return>  to proceed.
If that doesn't work, type  X <return>  to quit.

File: figures/ihog_whiten_non_zero200_crop.png Graphic file (type eps)
<figures/ihog_whiten_non_zero200_crop.png>
LaTeX Font Info:    Font shape `OT1/ptm/bx/n' in size <9> not available
(Font)              Font shape `OT1/ptm/b/n' tried instead on input line 169.

LaTeX Warning: Citation `vondrick2013' on page 3 undefined on input line 169.


LaTeX Warning: Citation `vondrick2013' on page 3 undefined on input line 169.


LaTeX Warning: Citation `Hariharan12' on page 3 undefined on input line 181.


Underfull \vbox (badness 10000) has occurred while \output is active []

[3]
Underfull \hbox (badness 10000) in paragraph at lines 197--198
[]\OT1/ptm/m/n/10 More for-mally, let $\OML/cmm/m/it/10 x\OT1/cmr/m/n/10 (\OML/cmm/m/it/10 u\OT1/cmr/m/n/10 )$ \OT1/ptm/m/n/10 be the HOG fea-
 []


Underfull \hbox (badness 10000) in paragraph at lines 197--198
\OT1/ptm/m/n/10 ture on lo-ca-tion $\OML/cmm/m/it/10 u$ \OT1/ptm/m/n/10 then, by WSS, $\U/msb/m/n/10 E [] \OT1/cmr/m/n/10 =
 []


LaTeX Warning: Reference `fig:covariancetime' on page 4 undefined on input line 201.


./egpaper_final.tex:211: LaTeX Error: File `covariancetime' not found.

See the LaTeX manual or LaTeX Companion for explanation.
Type  H <return>  for immediate help.
 ...                                              
                                                  
l.211 ...hics[width=0.9\linewidth]{covariancetime}
                                                  
I could not locate the file with any of these extensions:
.eps,.ps,.eps.gz,.ps.gz,.eps.Z,.mps
Try typing  <return>  to proceed.
If that doesn't work, type  X <return>  to quit.


./egpaper_final.tex:238: LaTeX Error: File `whiten_orig_depth' not found.

See the LaTeX manual or LaTeX Companion for explanation.
Type  H <return>  for immediate help.
 ...                                              
                                                  
l.238 ...s[width=0.9\linewidth]{whiten_orig_depth}
                                                  
I could not locate the file with any of these extensions:
.eps,.ps,.eps.gz,.ps.gz,.eps.Z,.mps
Try typing  <return>  to proceed.
If that doesn't work, type  X <return>  to quit.


LaTeX Warning: Citation `Hariharan12' on page 4 undefined on input line 244.


LaTeX Warning: Reference `fig:rendering' on page 4 undefined on input line 248.


LaTeX Warning: Citation `Gharbi12' on page 4 undefined on input line 258.


LaTeX Warning: Reference `fig:spectral' on page 4 undefined on input line 258.


./egpaper_final.tex:263: LaTeX Error: File `whotime' not found.

See the LaTeX manual or LaTeX Companion for explanation.
Type  H <return>  for immediate help.
 ...                                              
                                                  
l.263 ...udegraphics[width=0.5\t.

File: figures/tuning/5.png Graphic file (type eps)
<figures/tuning/5.png>

./egpaper_final.tex:425: LaTeX Error: Cannot determine size of graphic in figures/tuning/6.png (no BoundingBox).

See the LaTeX manual or LaTeX Companion for explanation.
Type  H <return>  for immediate help.
 ...                                              
                                                  
l.425 ...phics[width=0.33\linewidth]{tuning/6.png}
                                                   \\[-5pt]
Try typing  <return>  to proceed.
If that doesn't work, type  X <return>  to quit.

File: figures/tuning/6.png Graphic file (type eps)
<figures/tuning/6.png>
Underfull \vbox (badness 1226) has occurred while \output is active []


./egpaper_final.tex:458: LaTeX Error: Cannot determine size of graphic in figures/car_3dobject/7.png (no BoundingBox).

See the LaTeX manual or LaTeX Companion for explanation.
Type  H <return>  for immediate help.
 ...                                              
                                                  
l.458 ...width=0.45\linewidth]{car_3dobject/7.png}
                                                   &
Try typing  <return>  to proceed.
If that doesn't work, type  X <return>  to quit.

File: figures/car_3dobject/7.png Graphic file (type eps)
<figures/car_3dobject/7.png>

./egpaper_final.tex:459: LaTeX Error: Cannot determine size of graphic in figures/car_3dobject/8.png (no BoundingBox).

See the LaTeX manual or LaTeX Companion for explanation.
Type  H <return>  for immediate help.
 ...                                              
                                                  
l.459 ...width=0.45\linewidth]{car_3dobject/8.png}
                                                  \\ [-15pt]
Try typing  <return>  to proceed.
If that doesn't work, type  X <return>  to quit.

File: figures/car_3dobject/8.png Graphic file (type eps)
<figures/car_3dobject/8.png>

./egpaper_final.tex:461: LaTeX Error: Cannot determine size of graphic in figures/car_3dobject/11.png (no BoundingBox).

See the LaTeX manual or LaTeX Companion for explanation.
Type  H <return>  for immediate help.
 ...                                              
                                                  
l.461 ...idth=0.45\linewidth]{car_3dobject/11.png}
                                                   &
Try typing  <return>  to proceed.
If that doesn't work, type  X <return>  to quit.

File: figures/car_3dobject/11.png Graphic file (type eps)
<figures/car_3dobject/11.png>

./egpaper_final.tex:462: LaTeX Error: Cannot determine size of graphic in figures/car_3dobject/12.png (no BoundingBox).

See the LaTeX manual or LaTeX Companion for explanation.
Type  H <return>  for immediate help.
 ...                                              
                                                  
l.462 ...idth=0.45\linewidth]{car_3dobject/12.png}
                                                  \\ [-5pt]
Try typing  <return>  to proceed.
If that doesn't work, type  X <return>  to quit.

File: figures/car_3dobject/12.png Graphic file (type eps)
<figures/car_3dobject/12.png>

LaTeX Warning: `h' float specifier changed to `ht'.

[5]

./egpaper_final.tex:499: LaTeX Error: Cannot determine size of graphic in figures/car_cnn/1a.png (no BoundingBox).

See the LaTeX manual or LaTeX Companion for explanation.
Type  H <return>  for immediate help.
 ...                                              
                                                  
l.499 ...ics[width=0.24\textwidth]{car_cnn/1a.png}
                                                   &
Try typing  <return>  to proceed.
If that doesn't work, type  X <return>  to quit.

File: figures/car_cnn/1a.png Graphic file (type eps)
<figures/car_cnn/1a.png>

./egpaper_final.tex:500: LaTeX Error: Cannot determine size of graphic in figures/car_cnn/1b.png (no BoundingBox).

See the LaTeX manual or LaTeX Companion for explanation.
Type  H <return>  for immediate help.
 ...                                              
                                                  
l.500 ...ics[width=0.24\textwidth]{car_cnn/1b.png}
                                                   &
Try typing  <return>  to proceed.
If that doesn't work, type  X <return>  to quit.

File: figures/car_cnn/1b.png Graphic file (type eps)
<figures/car_cnn/1b.png>

./egpaper_final.tex:501: LaTeX Error: Cannot determine size of graphic in figures/car_cnn/1c.png (no BoundingBox).

See the LaTeX manual or LaTeX Companion for explanation.
Type  H <return>  for immediate help.
 ...                                              
                                                  
l.501 ...ics[width=0.24\textwidth]{car_cnn/1c.png}
                                                   &
Try typing  <return>  to proceed.
If that doesn't work, type  X <return>  to quit.

File: figures/car_cnn/1c.png Graphic file (type eps)
<figures/car_cnn/1c.png>

./egpaper_final.tex:502: LaTeX Error: Cannot determine size of graphic in figures/car_cnn/1d.png (no BoundingBox).

See the LaTeX manual or LaTeX Companion for explanation.
Type  H <return>  for immediate help.
 ...                                              
                                                  
l.502 ...ics[width=0.24\textwidth]{car_cnn/1d.png}
                                                    \\
Try typing  <return>  to proceed.
If that doesn't work, type  X <return>  to quit.

File: figures/car_cnn/1d.png Graphic file (type eps)
<figures/car_cnn/1d.png>

./egpaper_final.tex:504: LaTeX Error: Cannot determine size of graphic in figures/car_cnn/2a.png (no BoundingBox).

See the LaTeX manual or LaTeX Companion for explanation.
Type  H <return>  for immediate help.
 ...                                              
                                                  
l.504 ...ics[width=0.24\textwidth]{car_cnn/2a.png}
                                                   &
Try typing  <return>  to proceed.
If that doesn't work, type  X <return>  to quit.

File: figures/car_cnn/2a.png Graphic file (type eps)
<figures/car_cnn/2a.png>

./egpaper_final.tex:505: LaTeX Error: Cannot determine size of graphic in figures/car_cnn/2b.png (no BoundingBox).

See the LaTeX manual or LaTeX Companion for explanation.
Type  H <return>  for immediate help.
 ...                                              
                                                  
l.505 ...ics[width=0.24\textwidth]{car_cnn/2b.png}
                                                   &
Try typing  <return>  to proceed.
If that doesn't work, type  X <return>  to quit.

File: figures/car_cnn/2b.png Graphic file (type eps)
<figures/car_cnn/2b.png>

./egpaper_final.tex:506: LaTeX Error: Cannot determine size of graphic in figures/car_cnn/2c.png (no BoundingBox).

See the LaTeX manual or LaTeX Companion for explanation.
Type  H <return>  for immediate help.
 ...                                              
                                                  
l.506 ...ics[width=0.24\textwidth]{car_cnn/2c.png}
                                                   &
Try typing  <return>  to proceed.
If that doesn't work, type  X <return>  to quit.

File: figures/car_cnn/2c.png Graphic file (type eps)
<figures/car_cnn/2c.png>

./egpaper_final.tex:507: LaTeX Error: Cannot determine size of graphic in figures/car_cnn/2e.png (no BoundingBox).

See the LaTeX manual or LaTeX Companion for explanation.
Type  H <return>  for immediate help.
 ...                                              
                                                  
l.507 ...ics[width=0.24\textwidth]{car_cnn/2e.png}
                                                    \\
Try typing  <return>  to proceed.
If that doesn't work, type  X <return>  to quit.

File: figures/car_cnn/2e.png Graphic file (type eps)
<figures/car_cnn/2e.png>

./egpaper_final.tex:509: LaTeX Error: Cannot determine size of graphic in figures/car_cnn/4a.png (no BoundingBox).

See the LaTeX manual or LaTeX Companion for explanation.
Type  H <return>  for immediate help.
 ...                                              
                                                  
l.509 ...ics[width=0.24\textwidth]{car_cnn/4a.png}
                                                   &
Try typing  <return>  to proceed.
If that doesn't work, type  X <return>  to quit.

File: figures/car_cnn/4a.png Graphic file (type eps)
<figures/car_cnn/4a.png>

./egpaper_final.tex:510: LaTeX Error: Cannot determine size of graphic in figures/car_cnn/4b.png (no BoundingBox).

See the LaTeX manual or LaTeX Companion for explanation.
Type  H <return>  for immediate help.
 ...                                              
                                                  
l.510 ...ics[width=0.24\textwidth]{car_cnn/4b.png}
                                                   &
Try typing  <return>  to proceed.
If that doesn't work, type  X <return>  to quit.

File: figures/car_cnn/4b.png Graphic file (type eps)
<figures/car_cnn/4b.png>

./egpaper_final.tex:511: LaTeX Error: Cannot determine size of graphic in figures/car_cnn/4c.png (no BoundingBox).

See the LaTeX manual or LaTeX Companion for explanation.
Type  H <return>  for immediate help.
 ...                                              
                                                  
l.511 ...ics[width=0.24\textwidth]{car_cnn/4c.png}
                                                   &
Try typing  <return>  to proceed.
If that doesn't work, type  X <return>  to quit.

File: figures/car_cnn/4c.png Graphic file (type eps)
<figures/car_cnn/4c.png>

./egpaper_final.tex:512: LaTeX Error: Cannot determine size of graphic in figures/car_cnn/4d.png (no BoundingBox).

See the LaTeX manual or LaTeX Companion for explanation.
Type  H <return>  for immediate help.
 ...                                              
                                                  
l.512 ...ics[width=0.24\textwidth]{car_cnn/4d.png}
                                                    \\
Try typing  <return>  to proceed.
If that doesn't work, type  X <return>  to quit.

File: figures/car_cnn/4d.png Graphic file (type eps)
<figures/car_cnn/4d.png>

./egpaper_final.tex:524: LaTeX Error: Cannot determine size of graphic in figures/bicycle_cnn/7a.png (no BoundingBox).

See the LaTeX manual or LaTeX Companion for explanation.
Type  H <return>  for immediate help.
 ...                                              
                                                  
l.524 ...width=0.24\textwidth]{bicycle_cnn/7a.png}
                                                   &
Try typing  <return>  to proceed.
If that doesn't work, type  X <return>  to quit.

File: figures/bicycle_cnn/7a.png Graphic file (type eps)
<figures/bicycle_cnn/7a.png>

./egpaper_final.tex:525: LaTeX Error: Cannot determine size of graphic in figures/bicycle_cnn/7b.png (no BoundingBox).

See the LaTeX manual or LaTeX Companion for explanation.
Type  H <return>  for immediate help.
 ...                                              
                                                  
l.525 ...width=0.24\textwidth]{bicycle_cnn/7b.png}
                                                   &
Try typing  <return>  to proceed.
If that doesn't work, type  X <return>  to quit.

File: figures/bicycle_cnn/7b.png Graphic file (type eps)
<figures/bicycle_cnn/7b.png>

./egpaper_final.tex:528: LaTeX Error: Cannot determine size of graphic in figures/bicycle_cnn/4a.png (no BoundingBox).

See the LaTeX manual or LaTeX Companion for explanation.
Type  H <return>  for immediate help.
 ...                                              
                                                  
l.528 ...width=0.24\textwidth]{bicycle_cnn/4a.png}
                                                   &
Try typing  <return>  to proceed.
If that doesn't work, type  X <return>  to quit.

File: figures/bicycle_cnn/4a.png Graphic file (type eps)
<figures/bicycle_cnn/4a.png>

./egpaper_final.tex:529: LaTeX Error: Cannot determine size of graphic in figures/bicycle_cnn/4b.png (no BoundingBox).

See the LaTeX manual or LaTeX Companion for explanation.
Type  H <return>  for immediate help.
 ...                                              
                                                  
l.529 ...width=0.24\textwidth]{bicycle_cnn/4b.png}
                                                   &
Try typing  <return>  to proceed.
If that doesn't work, type  X <return>  to quit.

File: figures/bicycle_cnn/4b.png Graphic file (type eps)
<figures/bicycle_cnn/4b.png>

./egpaper_final.tex:530: LaTeX Error: Cannot determine size of graphic in figures/bicycle_cnn/4c.png (no BoundingBox).

See the LaTeX manual or LaTeX Companion for explanation.
Type  H <return>  for immediate help.
 ...                                              
                                                  
l.530 ...width=0.24\textwidth]{bicycle_cnn/4c.png}
                                                   &
Try typing  <return>  to proceed.
If that doesn't work, type  X <return>  to quit.

File: figures/bicycle_cnn/4c.png Graphic file (type eps)
<figures/bicycle_cnn/4c.png>

./egpaper_final.tex:531: LaTeX Error: Cannot determine size of graphic in figures/bicycle_cnn/4d.png (no BoundingBox).

See the LaTeX manual or LaTeX Companion for explanation.
Type  H <return>  for immediate help.
 ...                                              
                                                  
l.531 ...width=0.24\textwidth]{bicycle_cnn/4d.png}
                                                    \\
Try typing  <return>  to proceed.
If that doesn't work, type  X <return>  to quit.

File: figures/bicycle_cnn/4d.png Graphic file (type eps)
<figures/bicycle_cnn/4d.png>

LaTeX Warning: Float too large for page by 20.6787pt on input line 538.

LaTeX Font Info:    Font shape `OT1/ptm/bx/n' in size <8> not available
(Font)              Font shape `OT1/ptm/b/n' tried instead on input line 548.

Underfull \vbox (badness 10000) has occurred while \output is active []


./egpaper_final.tex:572: LaTeX Error: Cannot determine size of graphic in figures/car_pascal/1.png (no BoundingBox).

See the LaTeX manual or LaTeX Companion for explanation.
Type  H <return>  for immediate help.
 ...                                              
                                                  
l.572 ...s[width=0.45\linewidth]{car_pascal/1.png}
                                                   &
Try typing  <return>  to proceed.
If that doesn't work, type  X <return>  to quit.

File: figures/car_pascal/1.png Graphic file (type eps)
<figures/car_pascal/1.png>

./egpaper_final.tex:573: LaTeX Error: Cannot determine size of graphic in figures/car_pascal/2.png (no BoundingBox).

See the LaTeX manual or LaTeX Companion for explanation.
Type  H <return>  for immediate help.
 ...                                              
                                                  
l.573 ...s[width=0.45\linewidth]{car_pascal/2.png}
                                                   \\
Try typing  <return>  to proceed.
If that doesn't work, type  X <return>  to quit.

File: figures/car_pascal/2.png Graphic file (type eps)
<figures/car_pascal/2.png>

./egpaper_final.tex:574: LaTeX Error: Cannot determine size of graphic in figures/car_pascal/3.png (no BoundingBox).

See the LaTeX manual or LaTeX Companion for explanation.
Type  H <return>  for immediate help.
 ...                                              
                                                  
l.574 ...s[width=0.45\linewidth]{car_pascal/3.png}
                                                   &
Try typing  <return>  to proceed.
If that doesn't work, type  X <return>  to quit.

File: figures/car_pascal/3.png Graphic file (type eps)
<figures/car_pascal/3.png>

./egpaper_final.tex:575: LaTeX Error: Cannot determine size of graphic in figures/car_pascal/4.png (no BoundingBox).

See the LaTeX manual or LaTeX Companion for explanation.
Type  H <return>  for immediate help.
 ...                                              
                                                  
l.575 ...s[width=0.45\linewidth]{car_pascal/4.png}
                                                   \\
Try typing  <return>  to proceed.
If that doesn't work, type  X <return>  to quit.

File: figures/car_pascal/4.png Graphic file (type eps)
<figures/car_pascal/4.png> (./egpaper_final.bbl
LaTeX Font Info:    F                        
l.511 ...ics[width=0.24\textwidth]{car_cnn/4c.png}
                                                   &
Try typing  <return>  to proceed.
If that doesn't work, type  X <return>  to quit.

File: figures/car_cnn/4c.png Graphic file (type eps)
<figures/car_cnn/4c.png>

./egpaper_final.tex:512: LaTeX Error: Cannot determine size of graphic in figures/car_cnn/4d.png (no BoundingBox).

See the LaTeX manual or LaTeX Companion for explanation.
Type  H <return>  for immediate help.
 ...                                              
                                                  
l.512 ...ics[width=0.24\textwidth]{car_cnn/4d.png}
                                                    \\
Try typing  <return>  to proceed.
If that doesn't work, type  X <return>  to quit.

File: figures/car_cnn/4d.png Graphic file (type eps)
<figures/car_cnn/4d.png>

./egpaper_final.tex:524: LaTeX Error: Cannot determine size of graphic in figures/bicycle_cnn/7a.png (no BoundingBox).

See the LaTeX manual or LaTeX Companion for explanation.
Type  H <return>  for immediate help.
 ...                                              
                                                  
l.524 ...width=0.24\textwidth]{bicycle_cnn/7a.png}
                                                   &
Try typing  <return>  to proceed.
If that doesn't work, type  X <return>  to quit.

File: figures/bicycle_cnn/7a.png Graphic file (type eps)
<figures/bicycle_cnn/7a.png>

./egpaper_final.tex:525: LaTeX Error: Cannot determine size of graphic in figures/bicycle_cnn/7b.png (no BoundingBox).

See the LaTeX manual or LaTeX Companion for explanation.
Type  H <return>  for immediate help.
 ...                                              
                                                  
l.525 ...width=0.24\textwidth]{bicycle_cnn/7b.png}
                                                   &
Try typing  <return>  to proceed.
If that doesn't work, type  X <return>  to quit.

File: figures/bicycle_cnn/7b.png Graphic file (type eps)
<figures/bicycle_cnn/7b.png>

./egpaper_final.tex:528: LaTeX Error: Cannot determine size of graphic in figures/bicycle_cnn/4a.png (no BoundingBox).

See the LaTeX manual or LaTeX Companion for explanation.
Type  H <return>  for immediate help.
 ...                                              
                                                  
l.528 ...width=0.24\textwidth]{bicycle_cnn/4a.png}
                                                   &
Try typing  <return>  to proceed.
If that doesn't work, type  X <return>  to quit.

File: figures/bicycle_cnn/4a.png Graphic file (type eps)
<figures/bicycle_cnn/4a.png>

./egpaper_final.tex:529: LaTeX Error: Cannot determine size of graphic in figures/bicycle_cnn/4b.png (no BoundingBox).

See the LaTeX manual or LaTeX Companion for explanation.
Type  H <return>  for immediate help.
 ...                                              
                                                  
l.529 ...width=0.24\textwidth]{bicycle_cnn/4b.png}
                                                   &
Try typing  <return>  to proceed.
If that doesn't work, type  X <return>  to quit.

File: figures/bicycle_cnn/4b.png Graphic file (type eps)
<figures/bicycle_cnn/4b.png>

./egpaper_final.tex:530: LaTeX Error: Cannot determine size of graphic in figures/bicycle_cnn/4c.png (no BoundingBox).

See the LaTeX manual or LaTeX Companion for explanation.
Type  H <return>  for immediate help.
 ...                                              
                                                  
l.530 ...width=0.24\textwidth]{bicycle_cnn/4c.png}
                                                   &
Try typing  <return>  to proceed.
If that doesn't work, type  X <return>  to quit.

File: figures/bicycle_cnn/4c.png Graphic file (type eps)
<figures/bicycle_cnn/4c.png>

./egpaper_final.tex:531: LaTeX Error: Cannot determine size of graphic in figures/bicycle_cnn/4d.png (no BoundingBox).

See the LaTeX manual or LaTeX Companion for explanation.
Type  H <return>  for immediate help.
 ...                                              
                                                  
l.531 ...width=0.24\textwidth]{bicycle_cnn/4d.png}
                                                    \\
Try typing  <return>  to proceed.
If that doesn't work, type  X <return>  to quit.

File: figures/bicycle_cnn/4d.png Graphic file (type eps)
<figures/bicycle_cnn/4d.png>

LaTeX Warning: Citation `Girshick14' on page 6 undefined on input line 536.


LaTeX Warning: Citation `Girshick14' on page 6 undefined on input line 536.


LaTeX Warning: Float too large for page by 20.6787pt on input line 538.

LaTeX Font Info:    Font shape `OT1/ptm/bx/n' in size <8> not available
(Font)              Font shape `OT1/ptm/b/n' tried instead on input line 546.

LaTeX Warning: Citation `Xiang14' on page 6 undefined on input line 546.


LaTeX Warning: Citation `Pepik12' on page 6 undefined on input line 546.


LaTeX Warning: Citation `Pepik12' on page 6 undefined on input line 546.


LaTeX Warning: Citation `Pepik12' on page 6 undefined on input line 546.


LaTeX Warning: Citation `Xiang14' on page 6 undefined on input line 559.


LaTeX Warning: Citation `Xiang14' on page 6 undefined on input line 559.


LaTeX Warning: Citation `Girshick14' on page 6 undefined on input line 565.


Underfull \vbox (badness 10000) has occurred while \output is active []


LaTeX Warning: Reference `sec:fft' on page 6 undefined on input line 567.


LaTeX Warning: Reference `fig:stability' on page 6 undefined on input line 567.


./egpaper_final.tex:572: LaTeX Error: Cannot determine size of graphic in figures/car_pascal/1.png (no BoundingBox).

See the LaTeX manual or LaTeX Companion for explanation.
Type  H <return>  for immediate help.
 ...                                              
                                                  
l.572 ...s[width=0.45\linewidth]{car_pascal/1.png}
                                                   &
Try typing  <return>  to proceed.
If that doesn't work, type  X <return>  to quit.

File: figures/car_pascal/1.png Graphic file (type eps)
<figures/car_pascal/1.png>

./egpaper_final.tex:573: LaTeX Error: Cannot determine size of graphic in figures/car_pascal/2.png (no BoundingBox).

See the LaTeX manual or LaTeX Companion for explanation.
Type  H <return>  for immediate help.
 ...                                              
                                                  
l.573 ...s[width=0.45\linewidth]{car_pascal/2.png}
                                                   \\
Try typing  <return>  to proceed.
If that doesn't work, type  X <return>  to quit.

File: figures/car_pascal/2.png Graphic file (type eps)
<figures/car_pascal/2.png>

./egpaper_final.tex:574: LaTeX Error: Cannot determine size of graphic in figures/car_pascal/3.png (no BoundingBox).

See the LaTeX manual or LaTeX Companion for explanation.
Type  H <return>  for immediate help.
 ...                                              
                                                  
l.574 ...s[width=0.45\linewidth]{car_pascal/3.png}
                                                   &
Try typing  <return>  to proceed.
If that doesn't work, type  X <return>  to quit.

File: figures/car_pascal/3.png Graphic file (type eps)
<figures/car_pascal/3.png>

./egpaper_final.tex:575: LaTeX Error: Cannot determine size of graphic in figures/car_pascal/4.png (no BoundingBox).

See the LaTeX manual or LaTeX Companion for explanation.
Type  H <return>  for immediate help.
 ...                                              
                                                  
l.575 ...s[width=0.45\linewidth]{car_pascal/4.png}
                                                   \\
Try typing  <return>  to proceed.
If that doesn't work, type  X <return>  to quit.

File: figures/car_pascal/4.png Graphic file (type eps)
<figures/car_pascal/4.png>

LaTeX Warning: Citation `Girshick14' on page 6 undefined on input line 577.


LaTeX Warning: Citation `Girshick14' on page 6 undefined on input line 577.

(./egpaper_final.bbl [6]
Overfull \hbox (2.57323pt too wide) in paragraph at lines 32--37
\OT1/ptm/m/n/9 network.org/challenges/VOC/voc2012/workshop/index.html. 
 []

Missing character: There is no  in font ptmr7t!
)
Package atveryend Info: Empty hook `BeforeClearDocument' on input line 663.
[7] [8]
Package atveryend Info: Empty hook `AfterLastShipout' on input line 663.
(./egpaper_final.aux)
Package atveryend Info: Empty hook `AtVeryEndDocument' on input line 663.
Package atveryend Info: Empty hook `AtEndAfterFileList' on input line 663.

LaTeX Warning: There were undefined references.


LaTeX Warning: Label(s) may have changed. Rerun to get cross-references right.

Package atveryend Info: Empty hook `AtVeryVeryEnd' on input line 663.
 ) 
Here is how much of TeX's memory you used:
 8647 strings out of 493118
 129360 string characters out of 6135459
 252656 words of memory out of 5000000
 11960 multiletter control sequences out of 15000+600000
 20165 words of font info for 62 fonts, out of 8000000 for 9000
 1141 hyphenation exceptions out of 8191
 36i,10n,41p,3291b,460s stack positions out of 5000i,500n,10000p,200000b,80000s

Output written on egpaper_final.dvi (8 pages, 80208 bytes).
